{"D:\\_desktop\\cp-lab1-2023-master\\src\\cache.js": {"path":"D:\\_desktop\\cp-lab1-2023-master\\src\\cache.js","statementMap":{"0":{"start":{"line":3,"column":8},"end":{"line":3,"column":32}},"1":{"start":{"line":4,"column":8},"end":{"line":4,"column":23}},"2":{"start":{"line":8,"column":8},"end":{"line":8,"column":70}},"3":{"start":{"line":12,"column":8},"end":{"line":23,"column":9}},"4":{"start":{"line":13,"column":12},"end":{"line":22,"column":17}},"5":{"start":{"line":14,"column":16},"end":{"line":22,"column":17}},"6":{"start":{"line":15,"column":20},"end":{"line":15,"column":29}},"7":{"start":{"line":16,"column":20},"end":{"line":16,"column":87}},"8":{"start":{"line":17,"column":20},"end":{"line":17,"column":35}},"9":{"start":{"line":20,"column":20},"end":{"line":20,"column":83}},"10":{"start":{"line":21,"column":20},"end":{"line":21,"column":31}},"11":{"start":{"line":24,"column":8},"end":{"line":24,"column":65}},"12":{"start":{"line":25,"column":8},"end":{"line":25,"column":19}},"13":{"start":{"line":29,"column":8},"end":{"line":32,"column":9}},"14":{"start":{"line":30,"column":12},"end":{"line":31,"column":30}},"15":{"start":{"line":31,"column":16},"end":{"line":31,"column":30}},"16":{"start":{"line":33,"column":8},"end":{"line":33,"column":19}},"17":{"start":{"line":37,"column":8},"end":{"line":37,"column":25}}},"fnMap":{"0":{"name":"(anonymous_0)","decl":{"start":{"line":2,"column":4},"end":{"line":2,"column":5}},"loc":{"start":{"line":2,"column":18},"end":{"line":5,"column":5}},"line":2},"1":{"name":"(anonymous_1)","decl":{"start":{"line":7,"column":4},"end":{"line":7,"column":5}},"loc":{"start":{"line":7,"column":30},"end":{"line":9,"column":5}},"line":7},"2":{"name":"(anonymous_2)","decl":{"start":{"line":11,"column":4},"end":{"line":11,"column":5}},"loc":{"start":{"line":11,"column":18},"end":{"line":26,"column":5}},"line":11},"3":{"name":"(anonymous_3)","decl":{"start":{"line":28,"column":4},"end":{"line":28,"column":5}},"loc":{"start":{"line":28,"column":17},"end":{"line":34,"column":5}},"line":28},"4":{"name":"(anonymous_4)","decl":{"start":{"line":36,"column":4},"end":{"line":36,"column":5}},"loc":{"start":{"line":36,"column":14},"end":{"line":38,"column":5}},"line":36}},"branchMap":{"0":{"loc":{"start":{"line":7,"column":22},"end":{"line":7,"column":28}},"type":"default-arg","locations":[{"start":{"line":7,"column":27},"end":{"line":7,"column":28}}],"line":7},"1":{"loc":{"start":{"line":13,"column":12},"end":{"line":22,"column":17}},"type":"if","locations":[{"start":{"line":13,"column":12},"end":{"line":22,"column":17}},{"start":{},"end":{}}],"line":13},"2":{"loc":{"start":{"line":14,"column":16},"end":{"line":22,"column":17}},"type":"if","locations":[{"start":{"line":14,"column":16},"end":{"line":22,"column":17}},{"start":{"line":19,"column":21},"end":{"line":22,"column":17}}],"line":14},"3":{"loc":{"start":{"line":30,"column":12},"end":{"line":31,"column":30}},"type":"if","locations":[{"start":{"line":30,"column":12},"end":{"line":31,"column":30}},{"start":{},"end":{}}],"line":30}},"s":{"0":7,"1":7,"2":7,"3":8,"4":8,"5":7,"6":6,"7":6,"8":6,"9":1,"10":1,"11":1,"12":1,"13":2,"14":2,"15":2,"16":0,"17":1},"f":{"0":7,"1":7,"2":8,"3":2,"4":1},"b":{"0":[4],"1":[7,1],"2":[6,1],"3":[2,0]},"_coverageSchema":"1a1c01bbd47fc00a2c39e90264f33305004495a9","hash":"a86dd918643c29bfeeb48dd452e74015dd50f40e"}
}
