TN:
SF:src\cache.js
FN:2,(anonymous_0)
FN:7,(anonymous_1)
FN:11,(anonymous_2)
FN:28,(anonymous_3)
FN:36,(anonymous_4)
FNF:5
FNH:5
FNDA:7,(anonymous_0)
FNDA:7,(anonymous_1)
FNDA:8,(anonymous_2)
FNDA:2,(anonymous_3)
FNDA:1,(anonymous_4)
DA:3,7
DA:4,7
DA:8,7
DA:12,8
DA:13,8
DA:14,7
DA:15,6
DA:16,6
DA:17,6
DA:20,1
DA:21,1
DA:24,1
DA:25,1
DA:29,2
DA:30,2
DA:31,2
DA:33,0
DA:37,1
LF:18
LH:17
BRDA:7,0,0,4
BRDA:13,1,0,7
BRDA:13,1,1,1
BRDA:14,2,0,6
BRDA:14,2,1,1
BRDA:30,3,0,2
BRDA:30,3,1,0
BRF:7
BRH:6
end_of_record
